# JRE version: Java(TM) SE Runtime Environment (7.0_80-b15) (build 1.7.0_80-b15)
# Java VM: Java HotSpot(TM) 64-Bit Server VM (24.80-b11 mixed mode windows-amd64 compressed oops)
Heap
 PSYoungGen      total 26112K, used 4368K [0x00000007d5c80000, 0x00000007d7b80000, 0x0000000800000000)
  eden space 25600K, 16% used [0x00000007d5c80000,0x00000007d6084200,0x00000007d7580000)
  from space 512K, 50% used [0x00000007d7600000,0x00000007d7640000,0x00000007d7680000)
  to   space 3072K, 0% used [0x00000007d7880000,0x00000007d7880000,0x00000007d7b80000)
 ParOldGen       total 86016K, used 1688K [0x0000000781600000, 0x0000000786a00000, 0x00000007d5c80000)
  object space 86016K, 1% used [0x0000000781600000,0x00000007817a60d8,0x0000000786a00000)
 PSPermGen       total 21504K, used 9608K [0x000000077c400000, 0x000000077d900000, 0x0000000781600000)
  object space 21504K, 44% used [0x000000077c400000,0x000000077cd62060,0x000000077d900000)
GC Heap History (10 events):
Event: 299.428 GC heap before
{Heap before GC invocations=15 (full 0):
 PSYoungGen      total 31232K, used 28512K [0x00000007d5c80000, 0x00000007d7f00000, 0x0000000800000000)
  eden space 28160K, 100% used [0x00000007d5c80000,0x00000007d7800000,0x00000007d7800000)
  from space 3072K, 11% used [0x00000007d7c00000,0x00000007d7c58000,0x00000007d7f00000)
  to   space 3584K, 0% used [0x00000007d7800000,0x00000007d7800000,0x00000007d7b80000)
 ParOldGen       total 86016K, used 1616K [0x0000000781600000, 0x0000000786a00000, 0x00000007d5c80000)
  object space 86016K, 1% used [0x0000000781600000,0x00000007817940d8,0x0000000786a00000)
 PSPermGen       total 21504K, used 9563K [0x000000077c400000, 0x000000077d900000, 0x0000000781600000)
  object space 21504K, 44% used [0x000000077c400000,0x000000077cd56ef0,0x000000077d900000)
Event: 299.436 GC heap after
Heap after GC invocations=15 (full 0):
 PSYoungGen      total 28160K, used 384K [0x00000007d5c80000, 0x00000007d7e80000, 0x0000000800000000)
  eden space 27648K, 0% used [0x00000007d5c80000,0x00000007d5c80000,0x00000007d7780000)
  from space 512K, 75% used [0x00000007d7800000,0x00000007d7860000,0x00000007d7880000)
  to   space 3584K, 0% used [0x00000007d7b00000,0x00000007d7b00000,0x00000007d7e80000)
 ParOldGen       total 86016K, used 1632K [0x0000000781600000, 0x0000000786a00000, 0x00000007d5c80000)
  object space 86016K, 1% used [0x0000000781600000,0x00000007817980d8,0x0000000786a00000)
 PSPermGen       total 21504K, used 9563K [0x000000077c400000, 0x000000077d900000, 0x0000000781600000)
  object space 21504K, 44% used [0x000000077c400000,0x000000077cd56ef0,0x000000077d900000)
}
Event: 319.955 GC heap before
{Heap before GC invocations=16 (full 0):
 PSYoungGen      total 28160K, used 28032K [0x00000007d5c80000, 0x00000007d7e80000, 0x0000000800000000)
  eden space 27648K, 100% used [0x00000007d5c80000,0x00000007d7780000,0x00000007d7780000)
  from space 512K, 75% used [0x00000007d7800000,0x00000007d7860000,0x00000007d7880000)
  to   space 3584K, 0% used [0x00000007d7b00000,0x00000007d7b00000,0x00000007d7e80000)
 ParOldGen       total 86016K, used 1632K [0x0000000781600000, 0x0000000786a00000, 0x00000007d5c80000)
  object space 86016K, 1% used [0x0000000781600000,0x00000007817980d8,0x0000000786a00000)
 PSPermGen       total 21504K, used 9564K [0x000000077c400000, 0x000000077d900000, 0x0000000781600000)
  object space 21504K, 44% used [0x000000077c400000,0x000000077cd57390,0x000000077d900000)
Event: 319.958 GC heap after
Heap after GC invocations=16 (full 0):
 PSYoungGen      total 30208K, used 352K [0x00000007d5c80000, 0x00000007d7e00000, 0x0000000800000000)
  eden space 27136K, 0% used [0x00000007d5c80000,0x00000007d5c80000,0x00000007d7700000)
  from space 3072K, 11% used [0x00000007d7b00000,0x00000007d7b58000,0x00000007d7e00000)
  to   space 3584K, 0% used [0x00000007d7700000,0x00000007d7700000,0x00000007d7a80000)
 ParOldGen       total 86016K, used 1648K [0x0000000781600000, 0x0000000786a00000, 0x00000007d5c80000)
  object space 86016K, 1% used [0x0000000781600000,0x000000078179c0d8,0x0000000786a00000)
 PSPermGen       total 21504K, used 9564K [0x000000077c400000, 0x000000077d900000, 0x0000000781600000)
  object space 21504K, 44% used [0x000000077c400000,0x000000077cd57390,0x000000077d900000)
}
Event: 340.502 GC heap before
{Heap before GC invocations=17 (full 0):
 PSYoungGen      total 30208K, used 27488K [0x00000007d5c80000, 0x00000007d7e00000, 0x0000000800000000)
  eden space 27136K, 100% used [0x00000007d5c80000,0x00000007d7700000,0x00000007d7700000)
  from space 3072K, 11% used [0x00000007d7b00000,0x00000007d7b58000,0x00000007d7e00000)
  to   space 3584K, 0% used [0x00000007d7700000,0x00000007d7700000,0x00000007d7a80000)
 ParOldGen       total 86016K, used 1648K [0x0000000781600000, 0x0000000786a00000, 0x00000007d5c80000)
  object space 86016K, 1% used [0x0000000781600000,0x000000078179c0d8,0x0000000786a00000)
 PSPermGen       total 21504K, used 9565K [0x000000077c400000, 0x000000077d900000, 0x0000000781600000)
  object space 21504K, 44% used [0x000000077c400000,0x000000077cd57438,0x000000077d900000)
Event: 340.506 GC heap after
Heap after GC invocations=17 (full 0):
 PSYoungGen      total 27136K, used 352K [0x00000007d5c80000, 0x00000007d7c80000, 0x0000000800000000)
  eden space 26624K, 0% used [0x00000007d5c80000,0x00000007d5c80000,0x00000007d7680000)
  from space 512K, 68% used [0x00000007d7700000,0x00000007d7758000,0x00000007d7780000)
  to   space 3072K, 0% used [0x00000007d7980000,0x00000007d7980000,0x00000007d7c80000)
 ParOldGen       total 86016K, used 1664K [0x0000000781600000, 0x0000000786a00000, 0x00000007d5c80000)
  object space 86016K, 1% used [0x0000000781600000,0x00000007817a00d8,0x0000000786a00000)
 PSPermGen       total 21504K, used 9565K [0x000000077c400000, 0x000000077d900000, 0x0000000781600000)
  object space 21504K, 44% used [0x000000077c400000,0x000000077cd57438,0x000000077d900000)
}
Event: 360.953 GC heap before
{Heap before GC invocations=18 (full 0):
 PSYoungGen      total 27136K, used 26976K [0x00000007d5c80000, 0x00000007d7c80000, 0x0000000800000000)
  eden space 26624K, 100% used [0x00000007d5c80000,0x00000007d7680000,0x00000007d7680000)
  from space 512K, 68% used [0x00000007d7700000,0x00000007d7758000,0x00000007d7780000)
  to   space 3072K, 0% used [0x00000007d7980000,0x00000007d7980000,0x00000007d7c80000)
 ParOldGen       total 86016K, used 1664K [0x0000000781600000, 0x0000000786a00000, 0x00000007d5c80000)
  object space 86016K, 1% used [0x0000000781600000,0x00000007817a00d8,0x0000000786a00000)
 PSPermGen       total 21504K, used 9565K [0x000000077c400000, 0x000000077d900000, 0x0000000781600000)
  object space 21504K, 44% used [0x000000077c400000,0x000000077cd57438,0x000000077d900000)
Event: 360.959 GC heap after
Heap after GC invocations=18 (full 0):
 PSYoungGen      total 28672K, used 352K [0x00000007d5c80000, 0x00000007d7c00000, 0x0000000800000000)
  eden space 26112K, 0% used [0x00000007d5c80000,0x00000007d5c80000,0x00000007d7600000)
  from space 2560K, 13% used [0x00000007d7980000,0x00000007d79d8000,0x00000007d7c00000)
  to   space 3072K, 0% used [0x00000007d7600000,0x00000007d7600000,0x00000007d7900000)
 ParOldGen       total 86016K, used 1680K [0x0000000781600000, 0x0000000786a00000, 0x00000007d5c80000)
  object space 86016K, 1% used [0x0000000781600000,0x00000007817a40d8,0x0000000786a00000)
 PSPermGen       total 21504K, used 9565K [0x000000077c400000, 0x000000077d900000, 0x0000000781600000)
  object space 21504K, 44% used [0x000000077c400000,0x000000077cd57438,0x000000077d900000)
}
Event: 374.606 GC heap before
{Heap before GC invocations=19 (full 0):
 PSYoungGen      total 28672K, used 26464K [0x00000007d5c80000, 0x00000007d7c00000, 0x0000000800000000)
  eden space 26112K, 100% used [0x00000007d5c80000,0x00000007d7600000,0x00000007d7600000)
  from space 2560K, 13% used [0x00000007d7980000,0x00000007d79d8000,0x00000007d7c00000)
  to   space 3072K, 0% used [0x00000007d7600000,0x00000007d7600000,0x00000007d7900000)
 ParOldGen       total 86016K, used 1680K [0x0000000781600000, 0x0000000786a00000, 0x00000007d5c80000)
  object space 86016K, 1% used [0x0000000781600000,0x00000007817a40d8,0x0000000786a00000)
 PSPermGen       total 21504K, used 9565K [0x000000077c400000, 0x000000077d900000, 0x0000000781600000)
  object space 21504K, 44% used [0x000000077c400000,0x000000077cd57438,0x000000077d900000)
Event: 374.610 GC heap after
Heap after GC invocations=19 (full 0):
 PSYoungGen      total 26112K, used 256K [0x00000007d5c80000, 0x00000007d7b80000, 0x0000000800000000)
  eden space 25600K, 0% used [0x00000007d5c80000,0x00000007d5c80000,0x00000007d7580000)
  from space 512K, 50% used [0x00000007d7600000,0x00000007d7640000,0x00000007d7680000)
  to   space 3072K, 0% used [0x00000007d7880000,0x00000007d7880000,0x00000007d7b80000)
 ParOldGen       total 86016K, used 1688K [0x0000000781600000, 0x0000000786a00000, 0x00000007d5c80000)
  object space 86016K, 1% used [0x0000000781600000,0x00000007817a60d8,0x0000000786a00000)
 PSPermGen       total 21504K, used 9565K [0x000000077c400000, 0x000000077d900000, 0x0000000781600000)
  object space 21504K, 44% used [0x000000077c400000,0x000000077cd57438,0x000000077d900000)
}

